  stdafx.cpp
  BattleCats.cpp
c:\users\dcadea\vsprojects\battlecats\roomdesigner\battlecats\..\libroom\Room.h(21): warning C4275: non dll-interface class 'CObject' used as base for dll-interface class 'CPlate'
  C:\Program Files (x86)\Microsoft Visual Studio\2017\Community\VC\Tools\MSVC\14.10.25017\atlmfc\include\afx.h(542): note: see declaration of 'CObject'
  c:\users\dcadea\vsprojects\battlecats\roomdesigner\battlecats\..\libroom\Room.h(21): note: see declaration of 'CPlate'
c:\users\dcadea\vsprojects\battlecats\roomdesigner\battlecats\..\libroom\Room.h(35): warning C4275: non dll-interface class 'CObject' used as base for dll-interface class 'CBasket'
  C:\Program Files (x86)\Microsoft Visual Studio\2017\Community\VC\Tools\MSVC\14.10.25017\atlmfc\include\afx.h(542): note: see declaration of 'CObject'
  c:\users\dcadea\vsprojects\battlecats\roomdesigner\battlecats\..\libroom\Room.h(35): note: see declaration of 'CBasket'
c:\users\dcadea\vsprojects\battlecats\roomdesigner\battlecats\..\libroom\Room.h(50): warning C4275: non dll-interface class 'CObject' used as base for dll-interface class 'CRoom'
  C:\Program Files (x86)\Microsoft Visual Studio\2017\Community\VC\Tools\MSVC\14.10.25017\atlmfc\include\afx.h(542): note: see declaration of 'CObject'
  c:\users\dcadea\vsprojects\battlecats\roomdesigner\battlecats\..\libroom\Room.h(48): note: see declaration of 'CRoom'
c:\users\dcadea\vsprojects\battlecats\roomdesigner\battlecats\..\libroom\Room.h(53): warning C4251: 'CRoom::plates': class 'CArray<CPlate,const TYPE &>' needs to have dll-interface to be used by clients of class 'CRoom'
          with
          [
              TYPE=CPlate
          ]
  c:\users\dcadea\vsprojects\battlecats\roomdesigner\battlecats\..\libroom\Room.h(53): note: see declaration of 'CArray<CPlate,const TYPE &>'
          with
          [
              TYPE=CPlate
          ]
c:\users\dcadea\vsprojects\battlecats\roomdesigner\battlecats\..\libroom\Room.h(54): warning C4251: 'CRoom::sleeps': class 'CArray<CBasket,const TYPE &>' needs to have dll-interface to be used by clients of class 'CRoom'
          with
          [
              TYPE=CBasket
          ]
  c:\users\dcadea\vsprojects\battlecats\roomdesigner\battlecats\..\libroom\Room.h(54): note: see declaration of 'CArray<CBasket,const TYPE &>'
          with
          [
              TYPE=CBasket
          ]
c:\users\dcadea\vsprojects\battlecats\roomdesigner\battlecats\..\libroom\Room.h(55): warning C4251: 'CRoom::cats': class 'CArray<ICat *,const TYPE &>' needs to have dll-interface to be used by clients of class 'CRoom'
          with
          [
              TYPE=ICat *
          ]
  c:\users\dcadea\vsprojects\battlecats\roomdesigner\battlecats\..\libroom\Room.h(55): note: see declaration of 'CArray<ICat *,const TYPE &>'
          with
          [
              TYPE=ICat *
          ]
  BattleCatsDoc.cpp
c:\users\dcadea\vsprojects\battlecats\roomdesigner\battlecats\..\libroom\Room.h(21): warning C4275: non dll-interface class 'CObject' used as base for dll-interface class 'CPlate'
  C:\Program Files (x86)\Microsoft Visual Studio\2017\Community\VC\Tools\MSVC\14.10.25017\atlmfc\include\afx.h(542): note: see declaration of 'CObject'
  c:\users\dcadea\vsprojects\battlecats\roomdesigner\battlecats\..\libroom\Room.h(21): note: see declaration of 'CPlate'
c:\users\dcadea\vsprojects\battlecats\roomdesigner\battlecats\..\libroom\Room.h(35): warning C4275: non dll-interface class 'CObject' used as base for dll-interface class 'CBasket'
  C:\Program Files (x86)\Microsoft Visual Studio\2017\Community\VC\Tools\MSVC\14.10.25017\atlmfc\include\afx.h(542): note: see declaration of 'CObject'
  c:\users\dcadea\vsprojects\battlecats\roomdesigner\battlecats\..\libroom\Room.h(35): note: see declaration of 'CBasket'
c:\users\dcadea\vsprojects\battlecats\roomdesigner\battlecats\..\libroom\Room.h(50): warning C4275: non dll-interface class 'CObject' used as base for dll-interface class 'CRoom'
  C:\Program Files (x86)\Microsoft Visual Studio\2017\Community\VC\Tools\MSVC\14.10.25017\atlmfc\include\afx.h(542): note: see declaration of 'CObject'
  c:\users\dcadea\vsprojects\battlecats\roomdesigner\battlecats\..\libroom\Room.h(48): note: see declaration of 'CRoom'
c:\users\dcadea\vsprojects\battlecats\roomdesigner\battlecats\..\libroom\Room.h(53): warning C4251: 'CRoom::plates': class 'CArray<CPlate,const TYPE &>' needs to have dll-interface to be used by clients of class 'CRoom'
          with
          [
              TYPE=CPlate
          ]
  c:\users\dcadea\vsprojects\battlecats\roomdesigner\battlecats\..\libroom\Room.h(53): note: see declaration of 'CArray<CPlate,const TYPE &>'
          with
          [
              TYPE=CPlate
          ]
c:\users\dcadea\vsprojects\battlecats\roomdesigner\battlecats\..\libroom\Room.h(54): warning C4251: 'CRoom::sleeps': class 'CArray<CBasket,const TYPE &>' needs to have dll-interface to be used by clients of class 'CRoom'
          with
          [
              TYPE=CBasket
          ]
  c:\users\dcadea\vsprojects\battlecats\roomdesigner\battlecats\..\libroom\Room.h(54): note: see declaration of 'CArray<CBasket,const TYPE &>'
          with
          [
              TYPE=CBasket
          ]
c:\users\dcadea\vsprojects\battlecats\roomdesigner\battlecats\..\libroom\Room.h(55): warning C4251: 'CRoom::cats': class 'CArray<ICat *,const TYPE &>' needs to have dll-interface to be used by clients of class 'CRoom'
          with
          [
              TYPE=ICat *
          ]
  c:\users\dcadea\vsprojects\battlecats\roomdesigner\battlecats\..\libroom\Room.h(55): note: see declaration of 'CArray<ICat *,const TYPE &>'
          with
          [
              TYPE=ICat *
          ]
  BattleCatsView.cpp
c:\users\dcadea\vsprojects\battlecats\roomdesigner\battlecats\..\libroom\Room.h(21): warning C4275: non dll-interface class 'CObject' used as base for dll-interface class 'CPlate'
  C:\Program Files (x86)\Microsoft Visual Studio\2017\Community\VC\Tools\MSVC\14.10.25017\atlmfc\include\afx.h(542): note: see declaration of 'CObject'
  c:\users\dcadea\vsprojects\battlecats\roomdesigner\battlecats\..\libroom\Room.h(21): note: see declaration of 'CPlate'
c:\users\dcadea\vsprojects\battlecats\roomdesigner\battlecats\..\libroom\Room.h(35): warning C4275: non dll-interface class 'CObject' used as base for dll-interface class 'CBasket'
  C:\Program Files (x86)\Microsoft Visual Studio\2017\Community\VC\Tools\MSVC\14.10.25017\atlmfc\include\afx.h(542): note: see declaration of 'CObject'
  c:\users\dcadea\vsprojects\battlecats\roomdesigner\battlecats\..\libroom\Room.h(35): note: see declaration of 'CBasket'
c:\users\dcadea\vsprojects\battlecats\roomdesigner\battlecats\..\libroom\Room.h(50): warning C4275: non dll-interface class 'CObject' used as base for dll-interface class 'CRoom'
  C:\Program Files (x86)\Microsoft Visual Studio\2017\Community\VC\Tools\MSVC\14.10.25017\atlmfc\include\afx.h(542): note: see declaration of 'CObject'
  c:\users\dcadea\vsprojects\battlecats\roomdesigner\battlecats\..\libroom\Room.h(48): note: see declaration of 'CRoom'
c:\users\dcadea\vsprojects\battlecats\roomdesigner\battlecats\..\libroom\Room.h(53): warning C4251: 'CRoom::plates': class 'CArray<CPlate,const TYPE &>' needs to have dll-interface to be used by clients of class 'CRoom'
          with
          [
              TYPE=CPlate
          ]
  c:\users\dcadea\vsprojects\battlecats\roomdesigner\battlecats\..\libroom\Room.h(53): note: see declaration of 'CArray<CPlate,const TYPE &>'
          with
          [
              TYPE=CPlate
          ]
c:\users\dcadea\vsprojects\battlecats\roomdesigner\battlecats\..\libroom\Room.h(54): warning C4251: 'CRoom::sleeps': class 'CArray<CBasket,const TYPE &>' needs to have dll-interface to be used by clients of class 'CRoom'
          with
          [
              TYPE=CBasket
          ]
  c:\users\dcadea\vsprojects\battlecats\roomdesigner\battlecats\..\libroom\Room.h(54): note: see declaration of 'CArray<CBasket,const TYPE &>'
          with
          [
              TYPE=CBasket
          ]
c:\users\dcadea\vsprojects\battlecats\roomdesigner\battlecats\..\libroom\Room.h(55): warning C4251: 'CRoom::cats': class 'CArray<ICat *,const TYPE &>' needs to have dll-interface to be used by clients of class 'CRoom'
          with
          [
              TYPE=ICat *
          ]
  c:\users\dcadea\vsprojects\battlecats\roomdesigner\battlecats\..\libroom\Room.h(55): note: see declaration of 'CArray<ICat *,const TYPE &>'
          with
          [
              TYPE=ICat *
          ]
  MainFrm.cpp
     Creating library C:\Users\dcadea\VSProjects\battlecats\RoomDesigner\Release\BattleCats.lib and object C:\Users\dcadea\VSProjects\battlecats\RoomDesigner\Release\BattleCats.exp
BattleCatsDoc.obj : error LNK2001: unresolved external symbol "public: virtual __thiscall CRoom::~CRoom(void)" (??1CRoom@@UAE@XZ)
BattleCatsDoc.obj : error LNK2001: unresolved external symbol "public: __thiscall CRoom::CRoom(void)" (??0CRoom@@QAE@XZ)
C:\Users\dcadea\VSProjects\battlecats\RoomDesigner\Release\BattleCats.exe : fatal error LNK1120: 2 unresolved externals
