  Room.cpp
  _WIN32_WINNT not defined. Defaulting to _WIN32_WINNT_MAXVER (see WinSDKVer.h)
c:\users\krey\source\repos\battlecats\roomdesigner\libroom\Room.h(20): warning C4275: non dll-interface class 'CObject' used as base for dll-interface class 'CPlate'
  D:\IDE\Microsoft Visual Studio\2017\Community\VC\Tools\MSVC\14.10.25017\atlmfc\include\afx.h(542): note: see declaration of 'CObject'
  c:\users\krey\source\repos\battlecats\roomdesigner\libroom\Room.h(20): note: see declaration of 'CPlate'
c:\users\krey\source\repos\battlecats\roomdesigner\libroom\Room.h(35): warning C4275: non dll-interface class 'CObject' used as base for dll-interface class 'CBasket'
  D:\IDE\Microsoft Visual Studio\2017\Community\VC\Tools\MSVC\14.10.25017\atlmfc\include\afx.h(542): note: see declaration of 'CObject'
  c:\users\krey\source\repos\battlecats\roomdesigner\libroom\Room.h(35): note: see declaration of 'CBasket'
c:\users\krey\source\repos\battlecats\roomdesigner\libroom\Room.h(50): warning C4275: non dll-interface class 'CObject' used as base for dll-interface class 'CRoom'
  D:\IDE\Microsoft Visual Studio\2017\Community\VC\Tools\MSVC\14.10.25017\atlmfc\include\afx.h(542): note: see declaration of 'CObject'
  c:\users\krey\source\repos\battlecats\roomdesigner\libroom\Room.h(49): note: see declaration of 'CRoom'
c:\users\krey\source\repos\battlecats\roomdesigner\libroom\Room.h(52): warning C4251: 'CRoom::_plates': class 'std::deque<CPlate,std::allocator<_Ty>>' needs to have dll-interface to be used by clients of class 'CRoom'
          with
          [
              _Ty=CPlate
          ]
  c:\users\krey\source\repos\battlecats\roomdesigner\libroom\iroom.h(8): note: see declaration of 'std::deque<CPlate,std::allocator<_Ty>>'
          with
          [
              _Ty=CPlate
          ]
c:\users\krey\source\repos\battlecats\roomdesigner\libroom\Room.h(53): warning C4251: 'CRoom::_baskets': class 'std::deque<CBasket,std::allocator<_Ty>>' needs to have dll-interface to be used by clients of class 'CRoom'
          with
          [
              _Ty=CBasket
          ]
  c:\users\krey\source\repos\battlecats\roomdesigner\libroom\iroom.h(10): note: see declaration of 'std::deque<CBasket,std::allocator<_Ty>>'
          with
          [
              _Ty=CBasket
          ]
c:\users\krey\source\repos\battlecats\roomdesigner\libroom\Room.h(54): warning C4251: 'CRoom::_cats': class 'std::deque<ICat *,std::allocator<_Ty>>' needs to have dll-interface to be used by clients of class 'CRoom'
          with
          [
              _Ty=ICat *
          ]
  c:\users\krey\source\repos\battlecats\roomdesigner\libroom\iroom.h(9): note: see declaration of 'std::deque<ICat *,std::allocator<_Ty>>'
          with
          [
              _Ty=ICat *
          ]
     Creating library C:\Users\krey\Source\Repos\battlecats\RoomDesigner\Release\libroom.lib and object C:\Users\krey\Source\Repos\battlecats\RoomDesigner\Release\libroom.exp
  Generating code
  88 of 643 functions (13.7%) were compiled, the rest were copied from previous compilation.
    70 functions were new in current compilation
    70 functions had inline decision re-evaluated but remain unchanged
  Finished generating code
  libroom.vcxproj -> C:\Users\krey\Source\Repos\battlecats\RoomDesigner\Release\libroom.dll
  libroom.vcxproj -> C:\Users\krey\Source\Repos\battlecats\RoomDesigner\Release\libroom.pdb (Full PDB)
