  icat.cpp
  _WIN32_WINNT not defined. Defaulting to _WIN32_WINNT_MAXVER (see WinSDKVer.h)
c:\users\dcadea\vsprojects\battlecats\roomdesigner\libicat\..\libroom\Room.h(27): warning C4275: non dll-interface struct 'Object' used as base for dll-interface class 'CPlate'
  c:\users\dcadea\vsprojects\battlecats\roomdesigner\libicat\..\libroom\Room.h(20): note: see declaration of 'Object'
  c:\users\dcadea\vsprojects\battlecats\roomdesigner\libicat\..\libroom\Room.h(27): note: see declaration of 'CPlate'
c:\users\dcadea\vsprojects\battlecats\roomdesigner\libicat\..\libroom\Room.h(41): warning C4275: non dll-interface struct 'Object' used as base for dll-interface class 'CBasket'
  c:\users\dcadea\vsprojects\battlecats\roomdesigner\libicat\..\libroom\Room.h(20): note: see declaration of 'Object'
  c:\users\dcadea\vsprojects\battlecats\roomdesigner\libicat\..\libroom\Room.h(41): note: see declaration of 'CBasket'
c:\users\dcadea\vsprojects\battlecats\roomdesigner\libicat\..\libroom\Room.h(53): warning C4275: non dll-interface class 'CObject' used as base for dll-interface class 'CRoom'
  C:\Program Files (x86)\Microsoft Visual Studio\2017\Community\VC\Tools\MSVC\14.10.25017\atlmfc\include\afx.h(542): note: see declaration of 'CObject'
  c:\users\dcadea\vsprojects\battlecats\roomdesigner\libicat\..\libroom\Room.h(53): note: see declaration of 'CRoom'
c:\users\dcadea\vsprojects\battlecats\roomdesigner\libicat\..\libroom\Room.h(55): warning C4251: 'CRoom::_plates': class 'std::deque<CPlate *,std::allocator<_Ty>>' needs to have dll-interface to be used by clients of class 'CRoom'
          with
          [
              _Ty=CPlate *
          ]
  c:\users\dcadea\vsprojects\battlecats\roomdesigner\libroom\iroom.h(8): note: see declaration of 'std::deque<CPlate *,std::allocator<_Ty>>'
          with
          [
              _Ty=CPlate *
          ]
c:\users\dcadea\vsprojects\battlecats\roomdesigner\libicat\..\libroom\Room.h(56): warning C4251: 'CRoom::_baskets': class 'std::deque<CBasket *,std::allocator<_Ty>>' needs to have dll-interface to be used by clients of class 'CRoom'
          with
          [
              _Ty=CBasket *
          ]
  c:\users\dcadea\vsprojects\battlecats\roomdesigner\libroom\iroom.h(10): note: see declaration of 'std::deque<CBasket *,std::allocator<_Ty>>'
          with
          [
              _Ty=CBasket *
          ]
c:\users\dcadea\vsprojects\battlecats\roomdesigner\libicat\..\libroom\Room.h(57): warning C4251: 'CRoom::_cats': class 'std::deque<ICat *,std::allocator<_Ty>>' needs to have dll-interface to be used by clients of class 'CRoom'
          with
          [
              _Ty=ICat *
          ]
  c:\users\dcadea\vsprojects\battlecats\roomdesigner\libroom\iroom.h(9): note: see declaration of 'std::deque<ICat *,std::allocator<_Ty>>'
          with
          [
              _Ty=ICat *
          ]
c:\users\dcadea\vsprojects\battlecats\roomdesigner\libicat\icat.h(11): warning C4099: 'CPlate': type name first seen using 'class' now seen using 'struct'
  c:\users\dcadea\vsprojects\battlecats\roomdesigner\libicat\..\libroom\Room.h(27): note: see declaration of 'CPlate'
c:\users\dcadea\vsprojects\battlecats\roomdesigner\libicat\icat.h(12): warning C4099: 'CBasket': type name first seen using 'class' now seen using 'struct'
  c:\users\dcadea\vsprojects\battlecats\roomdesigner\libicat\..\libroom\Room.h(41): note: see declaration of 'CBasket'
     Creating library C:\Users\dcadea\VSProjects\battlecats\RoomDesigner\Release\libicat.lib and object C:\Users\dcadea\VSProjects\battlecats\RoomDesigner\Release\libicat.exp
  Generating code
  All 203 functions were compiled because no usable IPDB/IOBJ from previous compilation was found.
  Finished generating code
  libicat.vcxproj -> C:\Users\dcadea\VSProjects\battlecats\RoomDesigner\Release\libicat.dll
  libicat.vcxproj -> C:\Users\dcadea\VSProjects\battlecats\RoomDesigner\Release\libicat.pdb (Full PDB)
