  RoomDesigner.cpp
c:\users\krey\source\repos\battlecats\roomdesigner\roomdesigner\..\libroom\Room.h(27): warning C4275: non dll-interface struct 'Object' used as base for dll-interface class 'CPlate'
  c:\users\krey\source\repos\battlecats\roomdesigner\roomdesigner\..\libroom\Room.h(20): note: see declaration of 'Object'
  c:\users\krey\source\repos\battlecats\roomdesigner\roomdesigner\..\libroom\Room.h(27): note: see declaration of 'CPlate'
c:\users\krey\source\repos\battlecats\roomdesigner\roomdesigner\..\libroom\Room.h(41): warning C4275: non dll-interface struct 'Object' used as base for dll-interface class 'CBasket'
  c:\users\krey\source\repos\battlecats\roomdesigner\roomdesigner\..\libroom\Room.h(20): note: see declaration of 'Object'
  c:\users\krey\source\repos\battlecats\roomdesigner\roomdesigner\..\libroom\Room.h(41): note: see declaration of 'CBasket'
c:\users\krey\source\repos\battlecats\roomdesigner\roomdesigner\..\libroom\Room.h(53): warning C4275: non dll-interface class 'CObject' used as base for dll-interface class 'CRoom'
  D:\IDE\Microsoft Visual Studio\2017\Community\VC\Tools\MSVC\14.10.25017\atlmfc\include\afx.h(542): note: see declaration of 'CObject'
  c:\users\krey\source\repos\battlecats\roomdesigner\roomdesigner\..\libroom\Room.h(53): note: see declaration of 'CRoom'
c:\users\krey\source\repos\battlecats\roomdesigner\roomdesigner\..\libroom\Room.h(55): warning C4251: 'CRoom::_plates': class 'std::deque<CPlate *,std::allocator<_Ty>>' needs to have dll-interface to be used by clients of class 'CRoom'
          with
          [
              _Ty=CPlate *
          ]
  c:\users\krey\source\repos\battlecats\roomdesigner\libroom\iroom.h(8): note: see declaration of 'std::deque<CPlate *,std::allocator<_Ty>>'
          with
          [
              _Ty=CPlate *
          ]
c:\users\krey\source\repos\battlecats\roomdesigner\roomdesigner\..\libroom\Room.h(56): warning C4251: 'CRoom::_baskets': class 'std::deque<CBasket *,std::allocator<_Ty>>' needs to have dll-interface to be used by clients of class 'CRoom'
          with
          [
              _Ty=CBasket *
          ]
  c:\users\krey\source\repos\battlecats\roomdesigner\libroom\iroom.h(10): note: see declaration of 'std::deque<CBasket *,std::allocator<_Ty>>'
          with
          [
              _Ty=CBasket *
          ]
c:\users\krey\source\repos\battlecats\roomdesigner\roomdesigner\..\libroom\Room.h(57): warning C4251: 'CRoom::_cats': class 'std::deque<ICat *,std::allocator<_Ty>>' needs to have dll-interface to be used by clients of class 'CRoom'
          with
          [
              _Ty=ICat *
          ]
  c:\users\krey\source\repos\battlecats\roomdesigner\libroom\iroom.h(9): note: see declaration of 'std::deque<ICat *,std::allocator<_Ty>>'
          with
          [
              _Ty=ICat *
          ]
  RoomDesignerDoc.cpp
c:\users\krey\source\repos\battlecats\roomdesigner\roomdesigner\..\libroom\Room.h(27): warning C4275: non dll-interface struct 'Object' used as base for dll-interface class 'CPlate'
  c:\users\krey\source\repos\battlecats\roomdesigner\roomdesigner\..\libroom\Room.h(20): note: see declaration of 'Object'
  c:\users\krey\source\repos\battlecats\roomdesigner\roomdesigner\..\libroom\Room.h(27): note: see declaration of 'CPlate'
c:\users\krey\source\repos\battlecats\roomdesigner\roomdesigner\..\libroom\Room.h(41): warning C4275: non dll-interface struct 'Object' used as base for dll-interface class 'CBasket'
  c:\users\krey\source\repos\battlecats\roomdesigner\roomdesigner\..\libroom\Room.h(20): note: see declaration of 'Object'
  c:\users\krey\source\repos\battlecats\roomdesigner\roomdesigner\..\libroom\Room.h(41): note: see declaration of 'CBasket'
c:\users\krey\source\repos\battlecats\roomdesigner\roomdesigner\..\libroom\Room.h(53): warning C4275: non dll-interface class 'CObject' used as base for dll-interface class 'CRoom'
  D:\IDE\Microsoft Visual Studio\2017\Community\VC\Tools\MSVC\14.10.25017\atlmfc\include\afx.h(542): note: see declaration of 'CObject'
  c:\users\krey\source\repos\battlecats\roomdesigner\roomdesigner\..\libroom\Room.h(53): note: see declaration of 'CRoom'
c:\users\krey\source\repos\battlecats\roomdesigner\roomdesigner\..\libroom\Room.h(55): warning C4251: 'CRoom::_plates': class 'std::deque<CPlate *,std::allocator<_Ty>>' needs to have dll-interface to be used by clients of class 'CRoom'
          with
          [
              _Ty=CPlate *
          ]
  c:\users\krey\source\repos\battlecats\roomdesigner\libroom\iroom.h(8): note: see declaration of 'std::deque<CPlate *,std::allocator<_Ty>>'
          with
          [
              _Ty=CPlate *
          ]
c:\users\krey\source\repos\battlecats\roomdesigner\roomdesigner\..\libroom\Room.h(56): warning C4251: 'CRoom::_baskets': class 'std::deque<CBasket *,std::allocator<_Ty>>' needs to have dll-interface to be used by clients of class 'CRoom'
          with
          [
              _Ty=CBasket *
          ]
  c:\users\krey\source\repos\battlecats\roomdesigner\libroom\iroom.h(10): note: see declaration of 'std::deque<CBasket *,std::allocator<_Ty>>'
          with
          [
              _Ty=CBasket *
          ]
c:\users\krey\source\repos\battlecats\roomdesigner\roomdesigner\..\libroom\Room.h(57): warning C4251: 'CRoom::_cats': class 'std::deque<ICat *,std::allocator<_Ty>>' needs to have dll-interface to be used by clients of class 'CRoom'
          with
          [
              _Ty=ICat *
          ]
  c:\users\krey\source\repos\battlecats\roomdesigner\libroom\iroom.h(9): note: see declaration of 'std::deque<ICat *,std::allocator<_Ty>>'
          with
          [
              _Ty=ICat *
          ]
  RoomDesignerView.cpp
c:\users\krey\source\repos\battlecats\roomdesigner\roomdesigner\..\libroom\Room.h(27): warning C4275: non dll-interface struct 'Object' used as base for dll-interface class 'CPlate'
  c:\users\krey\source\repos\battlecats\roomdesigner\roomdesigner\..\libroom\Room.h(20): note: see declaration of 'Object'
  c:\users\krey\source\repos\battlecats\roomdesigner\roomdesigner\..\libroom\Room.h(27): note: see declaration of 'CPlate'
c:\users\krey\source\repos\battlecats\roomdesigner\roomdesigner\..\libroom\Room.h(41): warning C4275: non dll-interface struct 'Object' used as base for dll-interface class 'CBasket'
  c:\users\krey\source\repos\battlecats\roomdesigner\roomdesigner\..\libroom\Room.h(20): note: see declaration of 'Object'
  c:\users\krey\source\repos\battlecats\roomdesigner\roomdesigner\..\libroom\Room.h(41): note: see declaration of 'CBasket'
c:\users\krey\source\repos\battlecats\roomdesigner\roomdesigner\..\libroom\Room.h(53): warning C4275: non dll-interface class 'CObject' used as base for dll-interface class 'CRoom'
  D:\IDE\Microsoft Visual Studio\2017\Community\VC\Tools\MSVC\14.10.25017\atlmfc\include\afx.h(542): note: see declaration of 'CObject'
  c:\users\krey\source\repos\battlecats\roomdesigner\roomdesigner\..\libroom\Room.h(53): note: see declaration of 'CRoom'
c:\users\krey\source\repos\battlecats\roomdesigner\roomdesigner\..\libroom\Room.h(55): warning C4251: 'CRoom::_plates': class 'std::deque<CPlate *,std::allocator<_Ty>>' needs to have dll-interface to be used by clients of class 'CRoom'
          with
          [
              _Ty=CPlate *
          ]
  c:\users\krey\source\repos\battlecats\roomdesigner\libroom\iroom.h(8): note: see declaration of 'std::deque<CPlate *,std::allocator<_Ty>>'
          with
          [
              _Ty=CPlate *
          ]
c:\users\krey\source\repos\battlecats\roomdesigner\roomdesigner\..\libroom\Room.h(56): warning C4251: 'CRoom::_baskets': class 'std::deque<CBasket *,std::allocator<_Ty>>' needs to have dll-interface to be used by clients of class 'CRoom'
          with
          [
              _Ty=CBasket *
          ]
  c:\users\krey\source\repos\battlecats\roomdesigner\libroom\iroom.h(10): note: see declaration of 'std::deque<CBasket *,std::allocator<_Ty>>'
          with
          [
              _Ty=CBasket *
          ]
c:\users\krey\source\repos\battlecats\roomdesigner\roomdesigner\..\libroom\Room.h(57): warning C4251: 'CRoom::_cats': class 'std::deque<ICat *,std::allocator<_Ty>>' needs to have dll-interface to be used by clients of class 'CRoom'
          with
          [
              _Ty=ICat *
          ]
  c:\users\krey\source\repos\battlecats\roomdesigner\libroom\iroom.h(9): note: see declaration of 'std::deque<ICat *,std::allocator<_Ty>>'
          with
          [
              _Ty=ICat *
          ]
     Creating library C:\Users\krey\Source\Repos\battlecats\RoomDesigner\Release\RoomDesigner.lib and object C:\Users\krey\Source\Repos\battlecats\RoomDesigner\Release\RoomDesigner.exp
  Generating code
  4 of 510 functions ( 0.8%) were compiled, the rest were copied from previous compilation.
    1 functions were new in current compilation
    21 functions had inline decision re-evaluated but remain unchanged
  Finished generating code
  RoomDesigner.vcxproj -> C:\Users\krey\Source\Repos\battlecats\RoomDesigner\Release\RoomDesigner.exe
  RoomDesigner.vcxproj -> C:\Users\krey\Source\Repos\battlecats\RoomDesigner\Release\RoomDesigner.pdb (Full PDB)
