e:\my documents\visual studio 2013\projects\roomdesigner\roomdesigner\release\roomdesigner.pch
e:\my documents\visual studio 2013\projects\roomdesigner\roomdesigner\release\vc120.pdb
e:\my documents\visual studio 2013\projects\roomdesigner\roomdesigner\release\stdafx.obj
e:\my documents\visual studio 2013\projects\roomdesigner\roomdesigner\release\roomdesignerview.obj
e:\my documents\visual studio 2013\projects\roomdesigner\roomdesigner\release\roomdesignerdoc.obj
e:\my documents\visual studio 2013\projects\roomdesigner\roomdesigner\release\roomdesigner.obj
e:\my documents\visual studio 2013\projects\roomdesigner\roomdesigner\release\mainfrm.obj
e:\my documents\visual studio 2013\projects\roomdesigner\roomdesigner\release\initroomdlg.obj
e:\my documents\visual studio 2013\projects\roomdesigner\roomdesigner\release\addplatedlg.obj
e:\my documents\visual studio 2013\projects\roomdesigner\roomdesigner\release\addbasketdlg.obj
e:\my documents\visual studio 2013\projects\roomdesigner\release\roomdesigner.exe
e:\my documents\visual studio 2013\projects\roomdesigner\release\roomdesigner.pdb
e:\my documents\visual studio 2013\projects\roomdesigner\roomdesigner\release\roomdesigner.res
e:\my documents\visual studio 2013\projects\roomdesigner\release\roomdesigner.lib
e:\my documents\visual studio 2013\projects\roomdesigner\release\roomdesigner.exp
e:\my documents\visual studio 2013\projects\roomdesigner\roomdesigner\release\roomdesigner.tlog\cl.command.1.tlog
e:\my documents\visual studio 2013\projects\roomdesigner\roomdesigner\release\roomdesigner.tlog\cl.read.1.tlog
e:\my documents\visual studio 2013\projects\roomdesigner\roomdesigner\release\roomdesigner.tlog\cl.write.1.tlog
e:\my documents\visual studio 2013\projects\roomdesigner\roomdesigner\release\roomdesigner.tlog\link.command.1.tlog
e:\my documents\visual studio 2013\projects\roomdesigner\roomdesigner\release\roomdesigner.tlog\link.read.1.tlog
e:\my documents\visual studio 2013\projects\roomdesigner\roomdesigner\release\roomdesigner.tlog\link.write.1.tlog
e:\my documents\visual studio 2013\projects\roomdesigner\roomdesigner\release\roomdesigner.tlog\rc.command.1.tlog
e:\my documents\visual studio 2013\projects\roomdesigner\roomdesigner\release\roomdesigner.tlog\rc.read.1.tlog
e:\my documents\visual studio 2013\projects\roomdesigner\roomdesigner\release\roomdesigner.tlog\rc.write.1.tlog
e:\my documents\visual studio 2013\projects\roomdesigner\roomdesigner\release\roomdesigner.tlog\roomdesigner.write.1u.tlog
